{
  "RSpec": {
    "coverage": {
      "/Users/alanrrb/workspace/pos_campus/cs_pos/app/helpers/application_helper.rb": [
        1,
        null
      ],
      "/Users/alanrrb/workspace/pos_campus/cs_pos/app/models/challenge.rb": [
        1,
        null
      ],
      "/Users/alanrrb/workspace/pos_campus/cs_pos/app/controllers/challenges_controller.rb": [
        1,
        1,
        1,
        null,
        null
      ],
      "/Users/alanrrb/workspace/pos_campus/cs_pos/app/controllers/application_controller.rb": [
        1,
        null,
        null,
        1,
        null
      ],
      "/Users/alanrrb/workspace/pos_campus/cs_pos/app/controllers/home_controller.rb": [
        0,
        0,
        0,
        0
      ]
    },
    "timestamp": 1465861798
  }
}
