{
  "RSpec": {
    "coverage": {
      "/Users/alanrrb/workspace/pos_campus/cs_pos/app/models/user.rb": [
        1,
        null,
        null,
        1,
        null,
        null
      ],
      "/Users/alanrrb/workspace/pos_campus/cs_pos/app/helpers/application_helper.rb": [
        1,
        null
      ],
      "/Users/alanrrb/workspace/pos_campus/cs_pos/app/services/challenge_terminator.rb": [
        1,
        1,
        1,
        1,
        null,
        null,
        1,
        1,
        1,
        1,
        null,
        null,
        1,
        null,
        1,
        null
      ],
      "/Users/alanrrb/workspace/pos_campus/cs_pos/app/controllers/application_controller.rb": [
        0,
        0,
        0,
        0,
        0
      ],
      "/Users/alanrrb/workspace/pos_campus/cs_pos/app/controllers/challenges_controller.rb": [
        0,
        0,
        0,
        0,
        0,
        0,
        0,
        0,
        0,
        0,
        0,
        0,
        0,
        0,
        0,
        0,
        0,
        0,
        0,
        0,
        0,
        0,
        0,
        0,
        0
      ],
      "/Users/alanrrb/workspace/pos_campus/cs_pos/app/controllers/home_controller.rb": [
        0,
        0,
        0,
        0
      ],
      "/Users/alanrrb/workspace/pos_campus/cs_pos/app/controllers/solutions_controller.rb": [
        0,
        0,
        0,
        0,
        0
      ],
      "/Users/alanrrb/workspace/pos_campus/cs_pos/app/models/challenge.rb": [
        0,
        0,
        0,
        0,
        0,
        0,
        0,
        0
      ],
      "/Users/alanrrb/workspace/pos_campus/cs_pos/app/models/solution.rb": [
        0,
        0,
        0
      ],
      "/Users/alanrrb/workspace/pos_campus/cs_pos/app/models/started_challenge.rb": [
        0,
        0,
        0,
        0,
        0
      ]
    },
    "timestamp": 1466039008
  }
}
